<?xml version="1.0" encoding="UTF-8"?>
<robot generator="Robot 5.0.1 (Python 3.10.7 on win32)" generated="20221115 01:42:55.301" rpa="false" schemaversion="3">
<suite id="s1" name="P17L2 WebTableDemo" source="C:\development\robot-scripts\Automation\TestCases\P17L2_WebTableDemo.robot">
<test id="s1-t1" name="TC1" line="9">
<kw name="Validations">
<kw name="Open Browser" library="SeleniumLibrary">
<arg>${url}</arg>
<arg>${browser}</arg>
<doc>Opens a new browser instance to the optional ``url``.</doc>
<msg timestamp="20221115 01:42:55.505" level="INFO">Opening browser 'edge' to base url 'https://the-internet.herokuapp.com/tables'.</msg>
<status status="PASS" starttime="20221115 01:42:55.505" endtime="20221115 01:42:58.644"/>
</kw>
<kw name="Maximize Browser Window" library="SeleniumLibrary">
<doc>Maximizes current browser window.</doc>
<status status="PASS" starttime="20221115 01:42:58.644" endtime="20221115 01:42:58.800"/>
</kw>
<kw name="Table Header Should Contain" library="SeleniumLibrary">
<arg>id:table1</arg>
<arg>Action</arg>
<doc>Verifies table header contains text ``expected``.</doc>
<status status="PASS" starttime="20221115 01:42:58.801" endtime="20221115 01:42:58.974"/>
</kw>
<kw name="Get Text" library="SeleniumLibrary">
<var>${data}</var>
<arg>xpath://table[@id='table1']</arg>
<doc>Returns the text value of the element identified by ``locator``.</doc>
<msg timestamp="20221115 01:42:59.005" level="INFO">${data} = Last Name First Name Email Due Web Site Action
Smith John jsmith@gmail.com $50.00 http://www.jsmith.com edit delete
Bach Frank fbach@yahoo.com $51.00 http://www.frank.com edit delete
Doe Jason jdoe@ho...</msg>
<status status="PASS" starttime="20221115 01:42:58.974" endtime="20221115 01:42:59.005"/>
</kw>
<kw name="Log To Console" library="BuiltIn">
<arg>${data}</arg>
<doc>Logs the given message to the console.</doc>
<status status="PASS" starttime="20221115 01:42:59.005" endtime="20221115 01:42:59.006"/>
</kw>
<status status="PASS" starttime="20221115 01:42:55.505" endtime="20221115 01:42:59.006"/>
</kw>
<status status="PASS" starttime="20221115 01:42:55.504" endtime="20221115 01:42:59.007"/>
</test>
<status status="PASS" starttime="20221115 01:42:55.303" endtime="20221115 01:42:59.008"/>
</suite>
<statistics>
<total>
<stat pass="1" fail="0" skip="0">All Tests</stat>
</total>
<tag>
</tag>
<suite>
<stat pass="1" fail="0" skip="0" id="s1" name="P17L2 WebTableDemo">P17L2 WebTableDemo</stat>
</suite>
</statistics>
<errors>
<msg timestamp="20221115 01:42:55.502" level="ERROR">Error in file 'C:\development\robot-scripts\Automation\TestCases\P17L2_WebTableDemo.robot' on line 3: Importing library 'webdriver' failed: ModuleNotFoundError: No module named 'webdriver'
Traceback (most recent call last):
  None
PYTHONPATH:
  C:\Program Files\Python310\Scripts\robot.exe
  C:\Program Files\Python310\python310.zip
  C:\Program Files\Python310\DLLs
  C:\Program Files\Python310\lib
  C:\Program Files\Python310
  C:\Users\PC\AppData\Roaming\Python\Python310\site-packages
  C:\Users\PC\AppData\Roaming\Python\Python310\site-packages\win32
  C:\Users\PC\AppData\Roaming\Python\Python310\site-packages\win32\lib
  C:\Users\PC\AppData\Roaming\Python\Python310\site-packages\Pythonwin
  C:\Program Files\Python310\lib\site-packages</msg>
</errors>
</robot>
